000 (108720.000.000) 06/12 20:44:24 Job submitted from host: <131.225.189.230:44447>
...
001 (108720.000.000) 06/12 20:44:50 Job executing on host: <131.225.189.145:46680>
...
006 (108720.000.000) 06/12 20:44:51 Image size of job updated: 1
	0  -  MemoryUsage of job (MB)
	0  -  ResidentSetSize of job (KB)
...
005 (108720.000.000) 06/12 20:44:51 Job terminated.
	(1) Normal termination (return value 0)
		Usr 0 00:00:00, Sys 0 00:00:00  -  Run Remote Usage
		Usr 0 00:00:00, Sys 0 00:00:00  -  Run Local Usage
		Usr 0 00:00:00, Sys 0 00:00:00  -  Total Remote Usage
		Usr 0 00:00:00, Sys 0 00:00:00  -  Total Local Usage
	980  -  Run Bytes Sent By Job
	1410  -  Run Bytes Received By Job
	980  -  Total Bytes Sent By Job
	1410  -  Total Bytes Received By Job
	Partitionable Resources :    Usage  Request          
	   Cpus                 :                 8          
	   Disk (KB)            :       11       11          
	   Memory (MB)          :        0        0          
...
